14:40:27.660 [main] INFO  testCases.TC_001_AccountRegistrationTest - *** Starting TC_001_AccountRegistrationTest ***
14:40:27.893 [main] INFO  testCases.TC_001_AccountRegistrationTest - Clicked on MyAccount link
14:40:28.792 [main] INFO  testCases.TC_001_AccountRegistrationTest - Clicked on Register link
14:40:28.796 [main] INFO  testCases.TC_001_AccountRegistrationTest - Providing customer data
14:40:30.598 [main] INFO  testCases.TC_001_AccountRegistrationTest - Clicked on continue 
14:43:59.673 [main] INFO  testCases.TC_001_AccountRegistrationTest - *** Starting TC_001_AccountRegistrationTest ***
14:43:59.846 [main] INFO  testCases.TC_001_AccountRegistrationTest - Clicked on MyAccount link
14:44:00.723 [main] INFO  testCases.TC_001_AccountRegistrationTest - Clicked on Register link
14:44:00.726 [main] INFO  testCases.TC_001_AccountRegistrationTest - Providing customer data
14:44:02.527 [main] INFO  testCases.TC_001_AccountRegistrationTest - Clicked on continue 
14:44:02.528 [main] INFO  testCases.TC_001_AccountRegistrationTest - Validating expected message 
14:44:02.588 [main] INFO  testCases.TC_001_AccountRegistrationTest - *** Finished TC_001_AccountRegistrationTest ***
14:49:10.287 [main] DEBUG io.netty.util.internal.logging.InternalLoggerFactory - Using Log4J2 as the default logging framework
14:49:10.332 [main] DEBUG io.netty.util.ResourceLeakDetector - -Dio.netty.leakDetection.level: simple
14:49:10.333 [main] DEBUG io.netty.util.ResourceLeakDetector - -Dio.netty.leakDetection.targetRecords: 4
14:49:10.342 [main] DEBUG io.netty.util.ResourceLeakDetectorFactory - Loaded default ResourceLeakDetector: io.netty.util.ResourceLeakDetector@4d6f623d
14:49:10.380 [main] DEBUG io.netty.util.internal.PlatformDependent0 - -Dio.netty.noUnsafe: false
14:49:10.380 [main] DEBUG io.netty.util.internal.PlatformDependent0 - Java version: 17
14:49:10.382 [main] DEBUG io.netty.util.internal.PlatformDependent0 - sun.misc.Unsafe.theUnsafe: available
14:49:10.383 [main] DEBUG io.netty.util.internal.PlatformDependent0 - sun.misc.Unsafe.copyMemory: available
14:49:10.384 [main] DEBUG io.netty.util.internal.PlatformDependent0 - sun.misc.Unsafe.storeFence: available
14:49:10.384 [main] DEBUG io.netty.util.internal.PlatformDependent0 - java.nio.Buffer.address: available
14:49:10.385 [main] DEBUG io.netty.util.internal.PlatformDependent0 - direct buffer constructor: unavailable: Reflective setAccessible(true) disabled
14:49:10.386 [main] DEBUG io.netty.util.internal.PlatformDependent0 - java.nio.Bits.unaligned: available, true
14:49:10.388 [main] DEBUG io.netty.util.internal.PlatformDependent0 - jdk.internal.misc.Unsafe.allocateUninitializedArray(int): unavailable: class io.netty.util.internal.PlatformDependent0$7 cannot access class jdk.internal.misc.Unsafe (in module java.base) because module java.base does not export jdk.internal.misc to unnamed module @31a5c39e
14:49:10.390 [main] DEBUG io.netty.util.internal.PlatformDependent0 - java.nio.DirectByteBuffer.<init>(long, {int,long}): unavailable
14:49:10.390 [main] DEBUG io.netty.util.internal.PlatformDependent - sun.misc.Unsafe: available
14:49:10.390 [main] DEBUG io.netty.util.internal.PlatformDependent - maxDirectMemory: 2069889024 bytes (maybe)
14:49:10.391 [main] DEBUG io.netty.util.internal.PlatformDependent - -Dio.netty.tmpdir: C:\Users\16097\AppData\Local\Temp (java.io.tmpdir)
14:49:10.391 [main] DEBUG io.netty.util.internal.PlatformDependent - -Dio.netty.bitMode: 64 (sun.arch.data.model)
14:49:10.392 [main] DEBUG io.netty.util.internal.PlatformDependent - Platform: Windows
14:49:10.393 [main] DEBUG io.netty.util.internal.PlatformDependent - -Dio.netty.maxDirectMemory: -1 bytes
14:49:10.393 [main] DEBUG io.netty.util.internal.PlatformDependent - -Dio.netty.uninitializedArrayAllocationThreshold: -1
14:49:10.395 [main] DEBUG io.netty.util.internal.CleanerJava9 - java.nio.ByteBuffer.cleaner(): available
14:49:10.395 [main] DEBUG io.netty.util.internal.PlatformDependent - -Dio.netty.noPreferDirect: false
14:49:10.406 [main] DEBUG io.netty.util.internal.PlatformDependent - org.jctools-core.MpscChunkedArrayQueue: available
14:49:10.429 [main] DEBUG io.netty.util.internal.InternalThreadLocalMap - -Dio.netty.threadLocalMap.stringBuilder.initialSize: 1024
14:49:10.429 [main] DEBUG io.netty.util.internal.InternalThreadLocalMap - -Dio.netty.threadLocalMap.stringBuilder.maxSize: 4096
14:49:10.699 [main] DEBUG io.netty.handler.ssl.JdkSslContext - Default protocols (JDK): [TLSv1.3, TLSv1.2] 
14:49:10.699 [main] DEBUG io.netty.handler.ssl.JdkSslContext - Default cipher suites (JDK): [TLS_ECDHE_ECDSA_WITH_AES_256_GCM_SHA384, TLS_ECDHE_ECDSA_WITH_AES_128_GCM_SHA256, TLS_ECDHE_RSA_WITH_AES_128_GCM_SHA256, TLS_ECDHE_RSA_WITH_AES_256_GCM_SHA384, TLS_ECDHE_RSA_WITH_AES_128_CBC_SHA, TLS_ECDHE_RSA_WITH_AES_256_CBC_SHA, TLS_RSA_WITH_AES_128_GCM_SHA256, TLS_RSA_WITH_AES_128_CBC_SHA, TLS_RSA_WITH_AES_256_CBC_SHA, TLS_AES_128_GCM_SHA256, TLS_AES_256_GCM_SHA384]
14:49:10.715 [main] DEBUG io.netty.util.concurrent.GlobalEventExecutor - -Dio.netty.globalEventExecutor.quietPeriodSeconds: 1
14:49:10.733 [main] DEBUG io.netty.channel.MultithreadEventLoopGroup - -Dio.netty.eventLoopThreads: 8
14:49:10.744 [main] DEBUG io.netty.channel.nio.NioEventLoop - -Dio.netty.noKeySetOptimization: false
14:49:10.745 [main] DEBUG io.netty.channel.nio.NioEventLoop - -Dio.netty.selectorAutoRebuildThreshold: 512
14:49:10.799 [main] DEBUG io.netty.buffer.PooledByteBufAllocator - -Dio.netty.allocator.numHeapArenas: 8
14:49:10.799 [main] DEBUG io.netty.buffer.PooledByteBufAllocator - -Dio.netty.allocator.numDirectArenas: 8
14:49:10.799 [main] DEBUG io.netty.buffer.PooledByteBufAllocator - -Dio.netty.allocator.pageSize: 8192
14:49:10.799 [main] DEBUG io.netty.buffer.PooledByteBufAllocator - -Dio.netty.allocator.maxOrder: 9
14:49:10.799 [main] DEBUG io.netty.buffer.PooledByteBufAllocator - -Dio.netty.allocator.chunkSize: 4194304
14:49:10.799 [main] DEBUG io.netty.buffer.PooledByteBufAllocator - -Dio.netty.allocator.smallCacheSize: 256
14:49:10.800 [main] DEBUG io.netty.buffer.PooledByteBufAllocator - -Dio.netty.allocator.normalCacheSize: 64
14:49:10.800 [main] DEBUG io.netty.buffer.PooledByteBufAllocator - -Dio.netty.allocator.maxCachedBufferCapacity: 32768
14:49:10.800 [main] DEBUG io.netty.buffer.PooledByteBufAllocator - -Dio.netty.allocator.cacheTrimInterval: 8192
14:49:10.800 [main] DEBUG io.netty.buffer.PooledByteBufAllocator - -Dio.netty.allocator.cacheTrimIntervalMillis: 0
14:49:10.800 [main] DEBUG io.netty.buffer.PooledByteBufAllocator - -Dio.netty.allocator.useCacheForAllThreads: false
14:49:10.800 [main] DEBUG io.netty.buffer.PooledByteBufAllocator - -Dio.netty.allocator.maxCachedByteBuffersPerChunk: 1023
14:49:10.817 [main] DEBUG io.netty.buffer.ByteBufUtil - -Dio.netty.allocator.type: pooled
14:49:10.817 [main] DEBUG io.netty.buffer.ByteBufUtil - -Dio.netty.threadLocalDirectBufferSize: 0
14:49:10.817 [main] DEBUG io.netty.buffer.ByteBufUtil - -Dio.netty.maxThreadLocalCharBufferSize: 16384
14:49:11.142 [Forwarding newSession on session null to remote] DEBUG io.netty.channel.DefaultChannelId - -Dio.netty.processId: 9492 (auto-detected)
14:49:11.146 [Forwarding newSession on session null to remote] DEBUG io.netty.util.NetUtil - -Djava.net.preferIPv4Stack: false
14:49:11.146 [Forwarding newSession on session null to remote] DEBUG io.netty.util.NetUtil - -Djava.net.preferIPv6Addresses: false
14:49:11.163 [Forwarding newSession on session null to remote] DEBUG io.netty.util.NetUtilInitializations - Loopback interface: lo (Software Loopback Interface 1, 127.0.0.1)
14:49:11.164 [Forwarding newSession on session null to remote] DEBUG io.netty.util.NetUtil - Failed to get SOMAXCONN from sysctl and file \proc\sys\net\core\somaxconn. Default: 200
14:49:11.218 [Forwarding newSession on session null to remote] DEBUG io.netty.channel.DefaultChannelId - -Dio.netty.machineId: 4c:34:88:ff:fe:03:27:26 (auto-detected)
14:49:11.300 [AsyncHttpClient-1-2] DEBUG io.netty.buffer.AbstractByteBuf - -Dio.netty.buffer.checkAccessible: true
14:49:11.300 [AsyncHttpClient-1-2] DEBUG io.netty.buffer.AbstractByteBuf - -Dio.netty.buffer.checkBounds: true
14:49:11.300 [AsyncHttpClient-1-2] DEBUG io.netty.util.ResourceLeakDetectorFactory - Loaded default ResourceLeakDetector: io.netty.util.ResourceLeakDetector@5e3103cf
14:49:11.340 [AsyncHttpClient-1-2] DEBUG io.netty.util.Recycler - -Dio.netty.recycler.maxCapacityPerThread: 4096
14:49:11.340 [AsyncHttpClient-1-2] DEBUG io.netty.util.Recycler - -Dio.netty.recycler.ratio: 8
14:49:11.340 [AsyncHttpClient-1-2] DEBUG io.netty.util.Recycler - -Dio.netty.recycler.chunkSize: 32
14:49:11.340 [AsyncHttpClient-1-2] DEBUG io.netty.util.Recycler - -Dio.netty.recycler.blocking: false
14:49:11.341 [AsyncHttpClient-1-2] DEBUG io.netty.util.Recycler - -Dio.netty.recycler.batchFastThreadLocalOnly: true
14:49:12.374 [AsyncHttpClient-1-2] DEBUG io.netty.handler.codec.compression.Brotli - brotli4j not in the classpath; Brotli support will be unavailable.
14:49:12.599 [main] DEBUG io.netty.util.internal.ThreadLocalRandom - -Dio.netty.initialSeedUniquifier: 0x9be317701b91fe7c
14:49:19.724 [main] INFO  testCases.TC_001_AccountRegistrationTest - *** Starting TC_001_AccountRegistrationTest ***
14:49:19.916 [main] INFO  testCases.TC_001_AccountRegistrationTest - Clicked on MyAccount link
14:49:20.811 [main] INFO  testCases.TC_001_AccountRegistrationTest - Clicked on Register link
14:49:20.815 [main] INFO  testCases.TC_001_AccountRegistrationTest - Providing customer data
14:49:22.637 [main] INFO  testCases.TC_001_AccountRegistrationTest - Clicked on continue 
14:49:22.638 [main] INFO  testCases.TC_001_AccountRegistrationTest - Validating expected message 
14:49:22.710 [main] INFO  testCases.TC_001_AccountRegistrationTest - *** Finished TC_001_AccountRegistrationTest ***
14:55:22.004 [main] INFO  testCases.TC_001_AccountRegistrationTest - *** Starting TC_001_AccountRegistrationTest ***
14:55:22.193 [main] INFO  testCases.TC_001_AccountRegistrationTest - Clicked on MyAccount link
14:55:23.081 [main] INFO  testCases.TC_001_AccountRegistrationTest - Clicked on Register link
14:55:23.085 [main] INFO  testCases.TC_001_AccountRegistrationTest - Providing customer data
14:55:24.880 [main] INFO  testCases.TC_001_AccountRegistrationTest - Clicked on continue 
14:55:24.881 [main] INFO  testCases.TC_001_AccountRegistrationTest - Validating expected message 
14:55:24.945 [main] INFO  testCases.TC_001_AccountRegistrationTest - *** Finished TC_001_AccountRegistrationTest ***
15:03:27.508 [main] INFO  testCases.TC_001_AccountRegistrationTest - *** Starting TC_001_AccountRegistrationTest ***
15:03:27.787 [main] INFO  testCases.TC_001_AccountRegistrationTest - Clicked on MyAccount link
15:03:28.623 [main] INFO  testCases.TC_001_AccountRegistrationTest - Clicked on Register link
15:03:28.629 [main] INFO  testCases.TC_001_AccountRegistrationTest - Providing customer data
15:03:30.429 [main] INFO  testCases.TC_001_AccountRegistrationTest - Clicked on continue 
15:03:30.430 [main] INFO  testCases.TC_001_AccountRegistrationTest - Validating expected message 
15:03:30.522 [main] INFO  testCases.TC_001_AccountRegistrationTest - *** Finished TC_001_AccountRegistrationTest ***
15:38:10.253 [main] INFO  testCases.TC_001_AccountRegistrationTest - *** Starting TC_001_AccountRegistrationTest ***
15:38:10.404 [main] INFO  testCases.TC_001_AccountRegistrationTest - Clicked on MyAccount link
15:38:11.234 [main] INFO  testCases.TC_001_AccountRegistrationTest - Clicked on Register link
15:38:11.238 [main] INFO  testCases.TC_001_AccountRegistrationTest - Providing customer data
15:38:13.052 [main] INFO  testCases.TC_001_AccountRegistrationTest - Clicked on continue 
15:38:13.053 [main] INFO  testCases.TC_001_AccountRegistrationTest - Validating expected message 
15:38:13.140 [main] INFO  testCases.TC_001_AccountRegistrationTest - *** Finished TC_001_AccountRegistrationTest ***
15:52:51.161 [main] INFO  testCases.TC_001_AccountRegistrationTest - *** Starting TC_001_AccountRegistrationTest ***
15:52:51.478 [main] INFO  testCases.TC_001_AccountRegistrationTest - Clicked on MyAccount link
15:52:52.293 [main] INFO  testCases.TC_001_AccountRegistrationTest - Clicked on Register link
15:52:52.297 [main] INFO  testCases.TC_001_AccountRegistrationTest - Providing customer data
15:52:54.412 [main] INFO  testCases.TC_001_AccountRegistrationTest - Clicked on continue 
15:52:54.412 [main] INFO  testCases.TC_001_AccountRegistrationTest - Validating expected message 
15:52:54.501 [main] INFO  testCases.TC_001_AccountRegistrationTest - *** Finished TC_001_AccountRegistrationTest ***
15:54:43.562 [main] INFO  testCases.TC_001_AccountRegistrationTest - *** Starting TC_001_AccountRegistrationTest ***
15:54:43.840 [main] INFO  testCases.TC_001_AccountRegistrationTest - Clicked on MyAccount link
15:54:45.793 [main] INFO  testCases.TC_001_AccountRegistrationTest - Clicked on Register link
15:54:45.798 [main] INFO  testCases.TC_001_AccountRegistrationTest - Providing customer data
15:54:48.642 [main] INFO  testCases.TC_001_AccountRegistrationTest - Clicked on continue 
15:54:48.642 [main] INFO  testCases.TC_001_AccountRegistrationTest - Validating expected message 
15:54:48.718 [main] INFO  testCases.TC_001_AccountRegistrationTest - *** Finished TC_001_AccountRegistrationTest ***
15:55:51.850 [main] INFO  testCases.TC_001_AccountRegistrationTest - *** Starting TC_001_AccountRegistrationTest ***
15:55:52.193 [main] INFO  testCases.TC_001_AccountRegistrationTest - Clicked on MyAccount link
15:55:53.255 [main] INFO  testCases.TC_001_AccountRegistrationTest - Clicked on Register link
15:55:53.258 [main] INFO  testCases.TC_001_AccountRegistrationTest - Providing customer data
15:55:55.155 [main] INFO  testCases.TC_001_AccountRegistrationTest - Clicked on continue 
15:55:55.155 [main] INFO  testCases.TC_001_AccountRegistrationTest - Validating expected message 
15:55:55.213 [main] INFO  testCases.TC_001_AccountRegistrationTest - *** Finished TC_001_AccountRegistrationTest ***
16:02:28.340 [main] INFO  testCases.TC_001_AccountRegistrationTest - *** Starting TC_001_AccountRegistrationTest ***
16:02:28.857 [main] INFO  testCases.TC_001_AccountRegistrationTest - Clicked on MyAccount link
16:02:30.313 [main] INFO  testCases.TC_001_AccountRegistrationTest - Clicked on Register link
16:02:30.315 [main] INFO  testCases.TC_001_AccountRegistrationTest - Providing customer data
16:02:32.138 [main] INFO  testCases.TC_001_AccountRegistrationTest - Clicked on continue 
16:02:32.138 [main] INFO  testCases.TC_001_AccountRegistrationTest - Validating expected message 
16:02:32.249 [main] INFO  testCases.TC_001_AccountRegistrationTest - *** Finished TC_001_AccountRegistrationTest ***
16:02:44.096 [main] INFO  testCases.TC_001_AccountRegistrationTest - *** Starting TC_001_AccountRegistrationTest ***
16:02:44.341 [main] INFO  testCases.TC_001_AccountRegistrationTest - Clicked on MyAccount link
16:02:45.469 [main] INFO  testCases.TC_001_AccountRegistrationTest - Clicked on Register link
16:02:45.476 [main] INFO  testCases.TC_001_AccountRegistrationTest - Providing customer data
16:02:48.339 [main] INFO  testCases.TC_001_AccountRegistrationTest - Clicked on continue 
16:02:48.341 [main] INFO  testCases.TC_001_AccountRegistrationTest - Validating expected message 
16:02:48.424 [main] INFO  testCases.TC_001_AccountRegistrationTest - *** Finished TC_001_AccountRegistrationTest ***
16:03:01.887 [main] INFO  testCases.TC_001_AccountRegistrationTest - *** Starting TC_001_AccountRegistrationTest ***
16:03:02.264 [main] INFO  testCases.TC_001_AccountRegistrationTest - Clicked on MyAccount link
16:03:04.665 [main] INFO  testCases.TC_001_AccountRegistrationTest - Clicked on Register link
16:03:04.666 [main] INFO  testCases.TC_001_AccountRegistrationTest - Providing customer data
16:03:08.315 [main] INFO  testCases.TC_001_AccountRegistrationTest - Clicked on continue 
16:03:08.316 [main] INFO  testCases.TC_001_AccountRegistrationTest - Validating expected message 
16:03:08.416 [main] INFO  testCases.TC_001_AccountRegistrationTest - *** Finished TC_001_AccountRegistrationTest ***
16:43:32.982 [main] INFO  testCases.TC_001_AccountRegistrationTest - *** Starting TC_001_AccountRegistrationTest ***
16:43:33.338 [main] INFO  testCases.TC_001_AccountRegistrationTest - Clicked on MyAccount link
16:43:34.186 [main] INFO  testCases.TC_001_AccountRegistrationTest - Clicked on Register link
16:43:34.190 [main] INFO  testCases.TC_001_AccountRegistrationTest - Providing customer data
16:43:35.941 [main] INFO  testCases.TC_001_AccountRegistrationTest - Clicked on continue 
16:43:35.942 [main] INFO  testCases.TC_001_AccountRegistrationTest - Validating expected message 
16:43:36.021 [main] INFO  testCases.TC_001_AccountRegistrationTest - *** Finished TC_001_AccountRegistrationTest ***
17:36:39.593 [main] INFO  testCases.TC_001_AccountRegistrationTest - *** Starting TC_001_AccountRegistrationTest ***
17:36:40.037 [main] INFO  testCases.TC_001_AccountRegistrationTest - Clicked on MyAccount link
17:36:40.936 [main] INFO  testCases.TC_001_AccountRegistrationTest - Clicked on Register link
17:36:40.941 [main] INFO  testCases.TC_001_AccountRegistrationTest - Providing customer data
17:36:42.428 [main] INFO  testCases.TC_001_AccountRegistrationTest - Clicked on continue 
17:36:42.429 [main] INFO  testCases.TC_001_AccountRegistrationTest - Validating expected message 
17:36:42.508 [main] INFO  testCases.TC_001_AccountRegistrationTest - *** Finished TC_001_AccountRegistrationTest ***
17:38:25.971 [main] INFO  testCases.TC_001_AccountRegistrationTest - *** Starting TC_001_AccountRegistrationTest ***
17:38:26.397 [main] INFO  testCases.TC_001_AccountRegistrationTest - Clicked on MyAccount link
17:38:27.255 [main] INFO  testCases.TC_001_AccountRegistrationTest - Clicked on Register link
17:38:27.258 [main] INFO  testCases.TC_001_AccountRegistrationTest - Providing customer data
17:38:28.485 [main] INFO  testCases.TC_001_AccountRegistrationTest - Clicked on continue 
17:38:28.485 [main] INFO  testCases.TC_001_AccountRegistrationTest - Validating expected message 
16:57:22.931 [main] INFO  testCases.TC_002_LoginTest - *** Starting TC_002_LoginTest ***
16:57:25.142 [main] INFO  testCases.TC_002_LoginTest - *** Finished TC_002_LoginTest ***
18:19:15.546 [main] INFO  testCases.TC_003_LoginDataDrivenTest - *** Starting TC_003_LoginDataDrivenTest ***
18:19:37.457 [main] INFO  testCases.TC_003_LoginDataDrivenTest - *** Finished TC_003_LoginDataDrivenTest ***
18:19:37.512 [main] INFO  testCases.TC_003_LoginDataDrivenTest - *** Starting TC_003_LoginDataDrivenTest ***
18:19:59.309 [main] INFO  testCases.TC_003_LoginDataDrivenTest - *** Finished TC_003_LoginDataDrivenTest ***
18:19:59.329 [main] INFO  testCases.TC_003_LoginDataDrivenTest - *** Starting TC_003_LoginDataDrivenTest ***
18:20:21.139 [main] INFO  testCases.TC_003_LoginDataDrivenTest - *** Finished TC_003_LoginDataDrivenTest ***
18:20:21.154 [main] INFO  testCases.TC_003_LoginDataDrivenTest - *** Starting TC_003_LoginDataDrivenTest ***
18:20:42.956 [main] INFO  testCases.TC_003_LoginDataDrivenTest - *** Finished TC_003_LoginDataDrivenTest ***
18:20:42.963 [main] INFO  testCases.TC_003_LoginDataDrivenTest - *** Starting TC_003_LoginDataDrivenTest ***
10:57:23.959 [main] INFO  testCases.TC_003_LoginDataDrivenTest - *** Starting TC_003_LoginDataDrivenTest ***
10:57:45.562 [main] INFO  testCases.TC_003_LoginDataDrivenTest - *** Finished TC_003_LoginDataDrivenTest ***
10:57:45.587 [main] INFO  testCases.TC_003_LoginDataDrivenTest - *** Starting TC_003_LoginDataDrivenTest ***
10:58:07.244 [main] INFO  testCases.TC_003_LoginDataDrivenTest - *** Finished TC_003_LoginDataDrivenTest ***
10:58:07.252 [main] INFO  testCases.TC_003_LoginDataDrivenTest - *** Starting TC_003_LoginDataDrivenTest ***
10:58:28.913 [main] INFO  testCases.TC_003_LoginDataDrivenTest - *** Finished TC_003_LoginDataDrivenTest ***
10:58:28.937 [main] INFO  testCases.TC_003_LoginDataDrivenTest - *** Starting TC_003_LoginDataDrivenTest ***
10:58:50.531 [main] INFO  testCases.TC_003_LoginDataDrivenTest - *** Finished TC_003_LoginDataDrivenTest ***
10:58:50.538 [main] INFO  testCases.TC_003_LoginDataDrivenTest - *** Starting TC_003_LoginDataDrivenTest ***
11:09:13.860 [main] INFO  testCases.TC_003_LoginDataDrivenTest - *** Starting TC_003_LoginDataDrivenTest ***
11:09:35.624 [main] INFO  testCases.TC_003_LoginDataDrivenTest - *** Finished TC_003_LoginDataDrivenTest ***
11:09:35.648 [main] INFO  testCases.TC_003_LoginDataDrivenTest - *** Starting TC_003_LoginDataDrivenTest ***
11:09:57.266 [main] INFO  testCases.TC_003_LoginDataDrivenTest - *** Finished TC_003_LoginDataDrivenTest ***
11:09:57.283 [main] INFO  testCases.TC_003_LoginDataDrivenTest - *** Starting TC_003_LoginDataDrivenTest ***
11:10:18.855 [main] INFO  testCases.TC_003_LoginDataDrivenTest - *** Finished TC_003_LoginDataDrivenTest ***
11:10:18.871 [main] INFO  testCases.TC_003_LoginDataDrivenTest - *** Starting TC_003_LoginDataDrivenTest ***
11:10:40.500 [main] INFO  testCases.TC_003_LoginDataDrivenTest - *** Finished TC_003_LoginDataDrivenTest ***
11:10:40.508 [main] INFO  testCases.TC_003_LoginDataDrivenTest - *** Starting TC_003_LoginDataDrivenTest ***
11:34:37.621 [main] INFO  testCases.TC_002_LoginTest - *** Starting TC_002_LoginTest ***
11:34:39.928 [main] INFO  testCases.TC_002_LoginTest - *** Finished TC_002_LoginTest ***
12:02:45.810 [main] INFO  testCases.TC_003_LoginDataDrivenTest - *** Starting TC_003_LoginDataDrivenTest ***
12:02:49.447 [main] INFO  testCases.TC_003_LoginDataDrivenTest - *** Starting TC_003_LoginDataDrivenTest ***
12:03:11.196 [main] INFO  testCases.TC_003_LoginDataDrivenTest - *** Finished TC_003_LoginDataDrivenTest ***
12:03:11.243 [main] INFO  testCases.TC_003_LoginDataDrivenTest - *** Starting TC_003_LoginDataDrivenTest ***
12:03:32.996 [main] INFO  testCases.TC_003_LoginDataDrivenTest - *** Finished TC_003_LoginDataDrivenTest ***
12:03:33.007 [main] INFO  testCases.TC_003_LoginDataDrivenTest - *** Starting TC_003_LoginDataDrivenTest ***
12:03:54.668 [main] INFO  testCases.TC_003_LoginDataDrivenTest - *** Finished TC_003_LoginDataDrivenTest ***
12:03:54.672 [main] INFO  testCases.TC_003_LoginDataDrivenTest - *** Starting TC_003_LoginDataDrivenTest ***
12:03:57.746 [main] INFO  testCases.TC_003_LoginDataDrivenTest - *** Finished TC_003_LoginDataDrivenTest ***
12:12:21.522 [main] INFO  testCases.TC_003_LoginDataDrivenTest - *** Starting TC_003_LoginDataDrivenTest ***
12:12:24.460 [main] INFO  testCases.TC_003_LoginDataDrivenTest - *** Finished TC_003_LoginDataDrivenTest ***
12:12:24.501 [main] INFO  testCases.TC_003_LoginDataDrivenTest - *** Starting TC_003_LoginDataDrivenTest ***
12:12:46.011 [main] INFO  testCases.TC_003_LoginDataDrivenTest - *** Finished TC_003_LoginDataDrivenTest ***
12:12:46.022 [main] INFO  testCases.TC_003_LoginDataDrivenTest - *** Starting TC_003_LoginDataDrivenTest ***
12:13:07.856 [main] INFO  testCases.TC_003_LoginDataDrivenTest - *** Finished TC_003_LoginDataDrivenTest ***
12:13:07.869 [main] INFO  testCases.TC_003_LoginDataDrivenTest - *** Starting TC_003_LoginDataDrivenTest ***
12:13:29.568 [main] INFO  testCases.TC_003_LoginDataDrivenTest - *** Finished TC_003_LoginDataDrivenTest ***
12:13:29.582 [main] INFO  testCases.TC_003_LoginDataDrivenTest - *** Starting TC_003_LoginDataDrivenTest ***
12:13:32.641 [main] INFO  testCases.TC_003_LoginDataDrivenTest - *** Finished TC_003_LoginDataDrivenTest ***
13:23:43.628 [main] INFO  testCases.TC_001_AccountRegistrationTest - *** Starting TC_001_AccountRegistrationTest ***
13:23:43.983 [main] INFO  testCases.TC_001_AccountRegistrationTest - Clicked on MyAccount link
13:23:45.362 [main] INFO  testCases.TC_001_AccountRegistrationTest - Clicked on Register link
13:23:45.370 [main] INFO  testCases.TC_001_AccountRegistrationTest - Providing customer data
13:23:46.629 [main] INFO  testCases.TC_001_AccountRegistrationTest - Clicked on continue 
13:23:46.630 [main] INFO  testCases.TC_001_AccountRegistrationTest - Validating expected message 
13:23:57.290 [main] INFO  testCases.TC_002_LoginTest - *** Starting TC_002_LoginTest ***
13:23:59.504 [main] INFO  testCases.TC_002_LoginTest - *** Finished TC_002_LoginTest ***
13:25:44.157 [main] INFO  testCases.TC_001_AccountRegistrationTest - *** Starting TC_001_AccountRegistrationTest ***
13:25:44.494 [main] INFO  testCases.TC_001_AccountRegistrationTest - Clicked on MyAccount link
13:25:45.396 [main] INFO  testCases.TC_001_AccountRegistrationTest - Clicked on Register link
13:25:45.402 [main] INFO  testCases.TC_001_AccountRegistrationTest - Providing customer data
13:25:46.730 [main] INFO  testCases.TC_001_AccountRegistrationTest - Clicked on continue 
13:25:46.731 [main] INFO  testCases.TC_001_AccountRegistrationTest - Validating expected message 
13:25:59.469 [main] INFO  testCases.TC_002_LoginTest - *** Starting TC_002_LoginTest ***
13:26:02.093 [main] INFO  testCases.TC_002_LoginTest - *** Finished TC_002_LoginTest ***
13:26:16.168 [main] INFO  testCases.TC_003_LoginDataDrivenTest - *** Starting TC_003_LoginDataDrivenTest ***
13:26:19.865 [main] INFO  testCases.TC_003_LoginDataDrivenTest - *** Finished TC_003_LoginDataDrivenTest ***
13:26:19.883 [main] INFO  testCases.TC_003_LoginDataDrivenTest - *** Starting TC_003_LoginDataDrivenTest ***
13:26:41.898 [main] INFO  testCases.TC_003_LoginDataDrivenTest - *** Finished TC_003_LoginDataDrivenTest ***
13:26:41.904 [main] INFO  testCases.TC_003_LoginDataDrivenTest - *** Starting TC_003_LoginDataDrivenTest ***
13:27:03.654 [main] INFO  testCases.TC_003_LoginDataDrivenTest - *** Finished TC_003_LoginDataDrivenTest ***
13:27:03.659 [main] INFO  testCases.TC_003_LoginDataDrivenTest - *** Starting TC_003_LoginDataDrivenTest ***
13:27:25.610 [main] INFO  testCases.TC_003_LoginDataDrivenTest - *** Finished TC_003_LoginDataDrivenTest ***
13:27:25.615 [main] INFO  testCases.TC_003_LoginDataDrivenTest - *** Starting TC_003_LoginDataDrivenTest ***
13:27:28.671 [main] INFO  testCases.TC_003_LoginDataDrivenTest - *** Finished TC_003_LoginDataDrivenTest ***
14:12:00.655 [main] INFO  testCases.TC_001_AccountRegistrationTest - *** Starting TC_001_AccountRegistrationTest ***
14:12:01.002 [main] INFO  testCases.TC_001_AccountRegistrationTest - Clicked on MyAccount link
14:12:02.293 [main] INFO  testCases.TC_001_AccountRegistrationTest - Clicked on Register link
14:12:02.299 [main] INFO  testCases.TC_001_AccountRegistrationTest - Providing customer data
14:12:03.829 [main] INFO  testCases.TC_001_AccountRegistrationTest - Clicked on continue 
14:12:03.829 [main] INFO  testCases.TC_001_AccountRegistrationTest - Validating expected message 
14:12:03.880 [main] INFO  testCases.TC_001_AccountRegistrationTest - *** Finished TC_001_AccountRegistrationTest ***
14:12:12.405 [main] INFO  testCases.TC_002_LoginTest - *** Starting TC_002_LoginTest ***
14:12:14.440 [main] INFO  testCases.TC_002_LoginTest - *** Finished TC_002_LoginTest ***
14:12:25.658 [main] INFO  testCases.TC_003_LoginDataDrivenTest - *** Starting TC_003_LoginDataDrivenTest ***
14:12:28.704 [main] INFO  testCases.TC_003_LoginDataDrivenTest - *** Finished TC_003_LoginDataDrivenTest ***
14:12:28.710 [main] INFO  testCases.TC_003_LoginDataDrivenTest - *** Starting TC_003_LoginDataDrivenTest ***
14:12:49.981 [main] INFO  testCases.TC_003_LoginDataDrivenTest - *** Finished TC_003_LoginDataDrivenTest ***
14:12:49.984 [main] INFO  testCases.TC_003_LoginDataDrivenTest - *** Starting TC_003_LoginDataDrivenTest ***
14:13:11.711 [main] INFO  testCases.TC_003_LoginDataDrivenTest - *** Finished TC_003_LoginDataDrivenTest ***
14:13:11.717 [main] INFO  testCases.TC_003_LoginDataDrivenTest - *** Starting TC_003_LoginDataDrivenTest ***
14:13:33.337 [main] INFO  testCases.TC_003_LoginDataDrivenTest - *** Finished TC_003_LoginDataDrivenTest ***
14:13:33.343 [main] INFO  testCases.TC_003_LoginDataDrivenTest - *** Starting TC_003_LoginDataDrivenTest ***
14:13:36.264 [main] INFO  testCases.TC_003_LoginDataDrivenTest - *** Finished TC_003_LoginDataDrivenTest ***
15:28:54.105 [main] INFO  testCases.TC_001_AccountRegistrationTest - *** Starting TC_001_AccountRegistrationTest ***
15:28:54.427 [main] INFO  testCases.TC_001_AccountRegistrationTest - Clicked on MyAccount link
15:28:56.008 [main] INFO  testCases.TC_001_AccountRegistrationTest - Clicked on Register link
15:28:56.011 [main] INFO  testCases.TC_001_AccountRegistrationTest - Providing customer data
15:28:58.106 [main] INFO  testCases.TC_001_AccountRegistrationTest - Clicked on continue 
15:28:58.106 [main] INFO  testCases.TC_001_AccountRegistrationTest - Validating expected message 
15:28:58.156 [main] INFO  testCases.TC_001_AccountRegistrationTest - *** Finished TC_001_AccountRegistrationTest ***
15:29:07.202 [main] INFO  testCases.TC_002_LoginTest - *** Starting TC_002_LoginTest ***
15:29:09.744 [main] INFO  testCases.TC_002_LoginTest - *** Finished TC_002_LoginTest ***
15:29:20.680 [main] INFO  testCases.TC_003_LoginDataDrivenTest - *** Starting TC_003_LoginDataDrivenTest ***
15:29:24.183 [main] INFO  testCases.TC_003_LoginDataDrivenTest - *** Finished TC_003_LoginDataDrivenTest ***
15:29:24.187 [main] INFO  testCases.TC_003_LoginDataDrivenTest - *** Starting TC_003_LoginDataDrivenTest ***
15:29:45.827 [main] INFO  testCases.TC_003_LoginDataDrivenTest - *** Finished TC_003_LoginDataDrivenTest ***
15:29:45.832 [main] INFO  testCases.TC_003_LoginDataDrivenTest - *** Starting TC_003_LoginDataDrivenTest ***
15:30:07.771 [main] INFO  testCases.TC_003_LoginDataDrivenTest - *** Finished TC_003_LoginDataDrivenTest ***
15:30:07.778 [main] INFO  testCases.TC_003_LoginDataDrivenTest - *** Starting TC_003_LoginDataDrivenTest ***
15:30:29.636 [main] INFO  testCases.TC_003_LoginDataDrivenTest - *** Finished TC_003_LoginDataDrivenTest ***
15:30:29.645 [main] INFO  testCases.TC_003_LoginDataDrivenTest - *** Starting TC_003_LoginDataDrivenTest ***
15:30:33.251 [main] INFO  testCases.TC_003_LoginDataDrivenTest - *** Finished TC_003_LoginDataDrivenTest ***
15:34:37.296 [main] INFO  testCases.TC_001_AccountRegistrationTest - *** Starting TC_001_AccountRegistrationTest ***
15:34:37.630 [main] INFO  testCases.TC_001_AccountRegistrationTest - Clicked on MyAccount link
15:34:38.813 [main] INFO  testCases.TC_001_AccountRegistrationTest - Clicked on Register link
15:34:38.818 [main] INFO  testCases.TC_001_AccountRegistrationTest - Providing customer data
15:34:40.661 [main] INFO  testCases.TC_001_AccountRegistrationTest - Clicked on continue 
15:34:40.661 [main] INFO  testCases.TC_001_AccountRegistrationTest - Validating expected message 
15:34:40.718 [main] INFO  testCases.TC_001_AccountRegistrationTest - *** Finished TC_001_AccountRegistrationTest ***
15:34:49.450 [main] INFO  testCases.TC_002_LoginTest - *** Starting TC_002_LoginTest ***
15:34:51.792 [main] INFO  testCases.TC_002_LoginTest - *** Finished TC_002_LoginTest ***
15:35:02.459 [main] INFO  testCases.TC_003_LoginDataDrivenTest - *** Starting TC_003_LoginDataDrivenTest ***
15:35:05.957 [main] INFO  testCases.TC_003_LoginDataDrivenTest - *** Finished TC_003_LoginDataDrivenTest ***
15:35:05.965 [main] INFO  testCases.TC_003_LoginDataDrivenTest - *** Starting TC_003_LoginDataDrivenTest ***
15:35:27.616 [main] INFO  testCases.TC_003_LoginDataDrivenTest - *** Finished TC_003_LoginDataDrivenTest ***
15:35:27.629 [main] INFO  testCases.TC_003_LoginDataDrivenTest - *** Starting TC_003_LoginDataDrivenTest ***
15:35:49.614 [main] INFO  testCases.TC_003_LoginDataDrivenTest - *** Finished TC_003_LoginDataDrivenTest ***
15:35:49.620 [main] INFO  testCases.TC_003_LoginDataDrivenTest - *** Starting TC_003_LoginDataDrivenTest ***
15:36:11.652 [main] INFO  testCases.TC_003_LoginDataDrivenTest - *** Finished TC_003_LoginDataDrivenTest ***
15:36:11.657 [main] INFO  testCases.TC_003_LoginDataDrivenTest - *** Starting TC_003_LoginDataDrivenTest ***
15:36:15.243 [main] INFO  testCases.TC_003_LoginDataDrivenTest - *** Finished TC_003_LoginDataDrivenTest ***
15:59:53.526 [main] INFO  testCases.TC_001_AccountRegistrationTest - *** Starting TC_001_AccountRegistrationTest ***
15:59:53.863 [main] INFO  testCases.TC_001_AccountRegistrationTest - Clicked on MyAccount link
15:59:54.862 [main] INFO  testCases.TC_001_AccountRegistrationTest - Clicked on Register link
15:59:54.865 [main] INFO  testCases.TC_001_AccountRegistrationTest - Providing customer data
15:59:56.581 [main] INFO  testCases.TC_001_AccountRegistrationTest - Clicked on continue 
15:59:56.581 [main] INFO  testCases.TC_001_AccountRegistrationTest - Validating expected message 
15:59:56.629 [main] INFO  testCases.TC_001_AccountRegistrationTest - *** Finished TC_001_AccountRegistrationTest ***
16:00:06.763 [main] INFO  testCases.TC_002_LoginTest - *** Starting TC_002_LoginTest ***
16:00:09.244 [main] INFO  testCases.TC_002_LoginTest - *** Finished TC_002_LoginTest ***
16:00:20.200 [main] INFO  testCases.TC_003_LoginDataDrivenTest - *** Starting TC_003_LoginDataDrivenTest ***
16:00:24.098 [main] INFO  testCases.TC_003_LoginDataDrivenTest - *** Finished TC_003_LoginDataDrivenTest ***
16:00:24.104 [main] INFO  testCases.TC_003_LoginDataDrivenTest - *** Starting TC_003_LoginDataDrivenTest ***
16:00:45.753 [main] INFO  testCases.TC_003_LoginDataDrivenTest - *** Finished TC_003_LoginDataDrivenTest ***
16:00:45.763 [main] INFO  testCases.TC_003_LoginDataDrivenTest - *** Starting TC_003_LoginDataDrivenTest ***
16:01:07.684 [main] INFO  testCases.TC_003_LoginDataDrivenTest - *** Finished TC_003_LoginDataDrivenTest ***
16:01:07.689 [main] INFO  testCases.TC_003_LoginDataDrivenTest - *** Starting TC_003_LoginDataDrivenTest ***
16:01:29.911 [main] INFO  testCases.TC_003_LoginDataDrivenTest - *** Finished TC_003_LoginDataDrivenTest ***
16:01:29.916 [main] INFO  testCases.TC_003_LoginDataDrivenTest - *** Starting TC_003_LoginDataDrivenTest ***
16:01:33.786 [main] INFO  testCases.TC_003_LoginDataDrivenTest - *** Finished TC_003_LoginDataDrivenTest ***
16:51:51.410 [main] INFO  testCases.TC_001_AccountRegistrationTest - *** Starting TC_001_AccountRegistrationTest ***
16:51:51.779 [main] INFO  testCases.TC_001_AccountRegistrationTest - Clicked on MyAccount link
16:51:52.766 [main] INFO  testCases.TC_001_AccountRegistrationTest - Clicked on Register link
16:51:52.768 [main] INFO  testCases.TC_001_AccountRegistrationTest - Providing customer data
16:51:54.499 [main] INFO  testCases.TC_001_AccountRegistrationTest - Clicked on continue 
16:51:54.500 [main] INFO  testCases.TC_001_AccountRegistrationTest - Validating expected message 
16:51:54.542 [main] INFO  testCases.TC_001_AccountRegistrationTest - *** Finished TC_001_AccountRegistrationTest ***
16:52:03.108 [main] INFO  testCases.TC_002_LoginTest - *** Starting TC_002_LoginTest ***
16:52:05.584 [main] INFO  testCases.TC_002_LoginTest - *** Finished TC_002_LoginTest ***
16:52:22.096 [main] INFO  testCases.TC_003_LoginDataDrivenTest - *** Starting TC_003_LoginDataDrivenTest ***
16:52:25.419 [main] INFO  testCases.TC_003_LoginDataDrivenTest - *** Finished TC_003_LoginDataDrivenTest ***
16:52:25.423 [main] INFO  testCases.TC_003_LoginDataDrivenTest - *** Starting TC_003_LoginDataDrivenTest ***
16:52:47.085 [main] INFO  testCases.TC_003_LoginDataDrivenTest - *** Finished TC_003_LoginDataDrivenTest ***
16:52:47.091 [main] INFO  testCases.TC_003_LoginDataDrivenTest - *** Starting TC_003_LoginDataDrivenTest ***
16:53:09.046 [main] INFO  testCases.TC_003_LoginDataDrivenTest - *** Finished TC_003_LoginDataDrivenTest ***
16:53:09.051 [main] INFO  testCases.TC_003_LoginDataDrivenTest - *** Starting TC_003_LoginDataDrivenTest ***
16:53:31.231 [main] INFO  testCases.TC_003_LoginDataDrivenTest - *** Finished TC_003_LoginDataDrivenTest ***
16:53:31.239 [main] INFO  testCases.TC_003_LoginDataDrivenTest - *** Starting TC_003_LoginDataDrivenTest ***
16:53:34.787 [main] INFO  testCases.TC_003_LoginDataDrivenTest - *** Finished TC_003_LoginDataDrivenTest ***
11:00:58.316 [main] INFO  testCases.TC_001_AccountRegistrationTest - *** Starting TC_001_AccountRegistrationTest ***
11:00:58.674 [main] INFO  testCases.TC_001_AccountRegistrationTest - Clicked on MyAccount link
11:00:59.785 [main] INFO  testCases.TC_001_AccountRegistrationTest - Clicked on Register link
11:00:59.791 [main] INFO  testCases.TC_001_AccountRegistrationTest - Providing customer data
11:01:01.463 [main] INFO  testCases.TC_001_AccountRegistrationTest - Clicked on continue 
11:01:01.464 [main] INFO  testCases.TC_001_AccountRegistrationTest - Validating expected message 
11:01:01.515 [main] INFO  testCases.TC_001_AccountRegistrationTest - *** Finished TC_001_AccountRegistrationTest ***
11:01:10.115 [main] INFO  testCases.TC_002_LoginTest - *** Starting TC_002_LoginTest ***
11:01:12.214 [main] INFO  testCases.TC_002_LoginTest - *** Finished TC_002_LoginTest ***
11:01:22.712 [main] INFO  testCases.TC_003_LoginDataDrivenTest - *** Starting TC_003_LoginDataDrivenTest ***
11:01:25.559 [main] INFO  testCases.TC_003_LoginDataDrivenTest - *** Finished TC_003_LoginDataDrivenTest ***
11:01:25.564 [main] INFO  testCases.TC_003_LoginDataDrivenTest - *** Starting TC_003_LoginDataDrivenTest ***
11:01:46.972 [main] INFO  testCases.TC_003_LoginDataDrivenTest - *** Finished TC_003_LoginDataDrivenTest ***
11:01:46.976 [main] INFO  testCases.TC_003_LoginDataDrivenTest - *** Starting TC_003_LoginDataDrivenTest ***
11:02:08.947 [main] INFO  testCases.TC_003_LoginDataDrivenTest - *** Finished TC_003_LoginDataDrivenTest ***
11:02:08.951 [main] INFO  testCases.TC_003_LoginDataDrivenTest - *** Starting TC_003_LoginDataDrivenTest ***
11:02:30.819 [main] INFO  testCases.TC_003_LoginDataDrivenTest - *** Finished TC_003_LoginDataDrivenTest ***
11:02:30.824 [main] INFO  testCases.TC_003_LoginDataDrivenTest - *** Starting TC_003_LoginDataDrivenTest ***
11:02:33.867 [main] INFO  testCases.TC_003_LoginDataDrivenTest - *** Finished TC_003_LoginDataDrivenTest ***
11:08:28.153 [main] INFO  testCases.TC_001_AccountRegistrationTest - *** Starting TC_001_AccountRegistrationTest ***
11:08:28.506 [main] INFO  testCases.TC_001_AccountRegistrationTest - Clicked on MyAccount link
11:08:29.550 [main] INFO  testCases.TC_001_AccountRegistrationTest - Clicked on Register link
11:08:29.553 [main] INFO  testCases.TC_001_AccountRegistrationTest - Providing customer data
11:08:31.192 [main] INFO  testCases.TC_001_AccountRegistrationTest - Clicked on continue 
11:08:31.192 [main] INFO  testCases.TC_001_AccountRegistrationTest - Validating expected message 
11:08:31.262 [main] INFO  testCases.TC_001_AccountRegistrationTest - *** Finished TC_001_AccountRegistrationTest ***
11:08:40.029 [main] INFO  testCases.TC_002_LoginTest - *** Starting TC_002_LoginTest ***
11:08:42.139 [main] INFO  testCases.TC_002_LoginTest - *** Finished TC_002_LoginTest ***
11:08:52.513 [main] INFO  testCases.TC_003_LoginDataDrivenTest - *** Starting TC_003_LoginDataDrivenTest ***
11:08:55.325 [main] INFO  testCases.TC_003_LoginDataDrivenTest - *** Finished TC_003_LoginDataDrivenTest ***
11:08:55.337 [main] INFO  testCases.TC_003_LoginDataDrivenTest - *** Starting TC_003_LoginDataDrivenTest ***
11:09:16.772 [main] INFO  testCases.TC_003_LoginDataDrivenTest - *** Finished TC_003_LoginDataDrivenTest ***
11:09:16.775 [main] INFO  testCases.TC_003_LoginDataDrivenTest - *** Starting TC_003_LoginDataDrivenTest ***
11:09:38.575 [main] INFO  testCases.TC_003_LoginDataDrivenTest - *** Finished TC_003_LoginDataDrivenTest ***
11:09:38.582 [main] INFO  testCases.TC_003_LoginDataDrivenTest - *** Starting TC_003_LoginDataDrivenTest ***
11:10:00.735 [main] INFO  testCases.TC_003_LoginDataDrivenTest - *** Finished TC_003_LoginDataDrivenTest ***
11:10:00.741 [main] INFO  testCases.TC_003_LoginDataDrivenTest - *** Starting TC_003_LoginDataDrivenTest ***
11:10:03.616 [main] INFO  testCases.TC_003_LoginDataDrivenTest - *** Finished TC_003_LoginDataDrivenTest ***
10:49:40.563 [main] INFO  testCases.TC_001_AccountRegistrationTest - *** Starting TC_001_AccountRegistrationTest ***
10:49:40.897 [main] INFO  testCases.TC_001_AccountRegistrationTest - Clicked on MyAccount link
10:49:42.270 [main] INFO  testCases.TC_001_AccountRegistrationTest - Clicked on Register link
10:49:42.284 [main] INFO  testCases.TC_001_AccountRegistrationTest - Providing customer data
10:49:43.866 [main] INFO  testCases.TC_001_AccountRegistrationTest - Clicked on continue 
10:49:43.866 [main] INFO  testCases.TC_001_AccountRegistrationTest - Validating expected message 
10:49:43.917 [main] INFO  testCases.TC_001_AccountRegistrationTest - *** Finished TC_001_AccountRegistrationTest ***
10:49:53.760 [main] INFO  testCases.TC_002_LoginTest - *** Starting TC_002_LoginTest ***
10:49:56.724 [main] INFO  testCases.TC_002_LoginTest - *** Finished TC_002_LoginTest ***
10:50:08.002 [main] INFO  testCases.TC_003_LoginDataDrivenTest - *** Starting TC_003_LoginDataDrivenTest ***
10:50:10.994 [main] INFO  testCases.TC_003_LoginDataDrivenTest - *** Finished TC_003_LoginDataDrivenTest ***
10:50:10.999 [main] INFO  testCases.TC_003_LoginDataDrivenTest - *** Starting TC_003_LoginDataDrivenTest ***
10:50:32.422 [main] INFO  testCases.TC_003_LoginDataDrivenTest - *** Finished TC_003_LoginDataDrivenTest ***
10:50:32.425 [main] INFO  testCases.TC_003_LoginDataDrivenTest - *** Starting TC_003_LoginDataDrivenTest ***
10:50:54.095 [main] INFO  testCases.TC_003_LoginDataDrivenTest - *** Finished TC_003_LoginDataDrivenTest ***
10:50:54.103 [main] INFO  testCases.TC_003_LoginDataDrivenTest - *** Starting TC_003_LoginDataDrivenTest ***
10:51:15.910 [main] INFO  testCases.TC_003_LoginDataDrivenTest - *** Finished TC_003_LoginDataDrivenTest ***
10:51:15.916 [main] INFO  testCases.TC_003_LoginDataDrivenTest - *** Starting TC_003_LoginDataDrivenTest ***
10:51:19.003 [main] INFO  testCases.TC_003_LoginDataDrivenTest - *** Finished TC_003_LoginDataDrivenTest ***
09:00:57.993 [main] INFO  testCases.TC_001_AccountRegistrationTest - *** Starting TC_001_AccountRegistrationTest ***
09:00:58.295 [main] INFO  testCases.TC_001_AccountRegistrationTest - Clicked on MyAccount link
09:00:59.118 [main] INFO  testCases.TC_001_AccountRegistrationTest - Clicked on Register link
09:00:59.134 [main] INFO  testCases.TC_001_AccountRegistrationTest - Providing customer data
09:01:00.798 [main] INFO  testCases.TC_001_AccountRegistrationTest - Clicked on continue 
09:01:00.799 [main] INFO  testCases.TC_001_AccountRegistrationTest - Validating expected message 
09:01:00.854 [main] INFO  testCases.TC_001_AccountRegistrationTest - *** Finished TC_001_AccountRegistrationTest ***
09:01:09.353 [main] INFO  testCases.TC_002_LoginTest - *** Starting TC_002_LoginTest ***
09:01:11.488 [main] INFO  testCases.TC_002_LoginTest - *** Finished TC_002_LoginTest ***
09:01:22.242 [main] INFO  testCases.TC_003_LoginDataDrivenTest - *** Starting TC_003_LoginDataDrivenTest ***
09:01:25.076 [main] INFO  testCases.TC_003_LoginDataDrivenTest - *** Finished TC_003_LoginDataDrivenTest ***
09:01:25.083 [main] INFO  testCases.TC_003_LoginDataDrivenTest - *** Starting TC_003_LoginDataDrivenTest ***
09:01:27.858 [main] INFO  testCases.TC_003_LoginDataDrivenTest - *** Starting TC_003_LoginDataDrivenTest ***
09:01:30.515 [main] INFO  testCases.TC_003_LoginDataDrivenTest - *** Starting TC_003_LoginDataDrivenTest ***
09:01:52.496 [main] INFO  testCases.TC_003_LoginDataDrivenTest - *** Finished TC_003_LoginDataDrivenTest ***
09:01:52.499 [main] INFO  testCases.TC_003_LoginDataDrivenTest - *** Starting TC_003_LoginDataDrivenTest ***
09:01:55.408 [main] INFO  testCases.TC_003_LoginDataDrivenTest - *** Finished TC_003_LoginDataDrivenTest ***
18:36:12.586 [main] INFO  testCases.TC_001_AccountRegistrationTest - *** Starting TC_001_AccountRegistrationTest ***
18:36:12.922 [main] INFO  testCases.TC_001_AccountRegistrationTest - Clicked on MyAccount link
18:36:13.788 [main] INFO  testCases.TC_001_AccountRegistrationTest - Clicked on Register link
18:36:13.799 [main] INFO  testCases.TC_001_AccountRegistrationTest - Providing customer data
18:36:15.487 [main] INFO  testCases.TC_001_AccountRegistrationTest - Clicked on continue 
18:36:15.487 [main] INFO  testCases.TC_001_AccountRegistrationTest - Validating expected message 
18:36:15.563 [main] INFO  testCases.TC_001_AccountRegistrationTest - *** Finished TC_001_AccountRegistrationTest ***
18:36:24.643 [main] INFO  testCases.TC_002_LoginTest - *** Starting TC_002_LoginTest ***
18:36:26.775 [main] INFO  testCases.TC_002_LoginTest - *** Finished TC_002_LoginTest ***
18:36:37.500 [main] INFO  testCases.TC_003_LoginDataDrivenTest - *** Starting TC_003_LoginDataDrivenTest ***
18:36:40.422 [main] INFO  testCases.TC_003_LoginDataDrivenTest - *** Finished TC_003_LoginDataDrivenTest ***
18:36:40.437 [main] INFO  testCases.TC_003_LoginDataDrivenTest - *** Starting TC_003_LoginDataDrivenTest ***
18:36:42.999 [main] INFO  testCases.TC_003_LoginDataDrivenTest - *** Starting TC_003_LoginDataDrivenTest ***
18:36:45.640 [main] INFO  testCases.TC_003_LoginDataDrivenTest - *** Starting TC_003_LoginDataDrivenTest ***
18:37:07.110 [main] INFO  testCases.TC_003_LoginDataDrivenTest - *** Finished TC_003_LoginDataDrivenTest ***
18:37:07.123 [main] INFO  testCases.TC_003_LoginDataDrivenTest - *** Starting TC_003_LoginDataDrivenTest ***
18:37:10.113 [main] INFO  testCases.TC_003_LoginDataDrivenTest - *** Finished TC_003_LoginDataDrivenTest ***
18:38:36.537 [main] INFO  testCases.TC_001_AccountRegistrationTest - *** Starting TC_001_AccountRegistrationTest ***
18:38:36.880 [main] INFO  testCases.TC_001_AccountRegistrationTest - Clicked on MyAccount link
18:38:37.710 [main] INFO  testCases.TC_001_AccountRegistrationTest - Clicked on Register link
18:38:37.713 [main] INFO  testCases.TC_001_AccountRegistrationTest - Providing customer data
18:38:39.346 [main] INFO  testCases.TC_001_AccountRegistrationTest - Clicked on continue 
18:38:39.346 [main] INFO  testCases.TC_001_AccountRegistrationTest - Validating expected message 
18:38:39.402 [main] INFO  testCases.TC_001_AccountRegistrationTest - *** Finished TC_001_AccountRegistrationTest ***
18:38:47.903 [main] INFO  testCases.TC_002_LoginTest - *** Starting TC_002_LoginTest ***
18:38:49.999 [main] INFO  testCases.TC_002_LoginTest - *** Finished TC_002_LoginTest ***
18:38:59.874 [main] INFO  testCases.TC_003_LoginDataDrivenTest - *** Starting TC_003_LoginDataDrivenTest ***
18:39:02.814 [main] INFO  testCases.TC_003_LoginDataDrivenTest - *** Finished TC_003_LoginDataDrivenTest ***
18:39:02.818 [main] INFO  testCases.TC_003_LoginDataDrivenTest - *** Starting TC_003_LoginDataDrivenTest ***
18:39:05.535 [main] INFO  testCases.TC_003_LoginDataDrivenTest - *** Starting TC_003_LoginDataDrivenTest ***
18:39:08.109 [main] INFO  testCases.TC_003_LoginDataDrivenTest - *** Starting TC_003_LoginDataDrivenTest ***
18:39:29.459 [main] INFO  testCases.TC_003_LoginDataDrivenTest - *** Finished TC_003_LoginDataDrivenTest ***
18:39:29.465 [main] INFO  testCases.TC_003_LoginDataDrivenTest - *** Starting TC_003_LoginDataDrivenTest ***
18:39:33.518 [main] INFO  testCases.TC_003_LoginDataDrivenTest - *** Finished TC_003_LoginDataDrivenTest ***
20:32:14.800 [main] INFO  testCases.TC_001_AccountRegistrationTest - *** Starting TC_001_AccountRegistrationTest ***
20:32:15.099 [main] INFO  testCases.TC_001_AccountRegistrationTest - Clicked on MyAccount link
20:32:15.854 [main] INFO  testCases.TC_001_AccountRegistrationTest - Clicked on Register link
20:32:15.857 [main] INFO  testCases.TC_001_AccountRegistrationTest - Providing customer data
20:32:17.186 [main] INFO  testCases.TC_001_AccountRegistrationTest - Clicked on continue 
20:32:17.186 [main] INFO  testCases.TC_001_AccountRegistrationTest - Validating expected message 
20:32:17.223 [main] INFO  testCases.TC_001_AccountRegistrationTest - *** Finished TC_001_AccountRegistrationTest ***
20:32:25.367 [main] INFO  testCases.TC_002_LoginTest - *** Starting TC_002_LoginTest ***
20:32:27.285 [main] INFO  testCases.TC_002_LoginTest - *** Finished TC_002_LoginTest ***
20:33:08.292 [main] INFO  testCases.TC_001_AccountRegistrationTest - *** Starting TC_001_AccountRegistrationTest ***
20:33:08.610 [main] INFO  testCases.TC_001_AccountRegistrationTest - Clicked on MyAccount link
20:33:09.404 [main] INFO  testCases.TC_001_AccountRegistrationTest - Clicked on Register link
20:33:09.406 [main] INFO  testCases.TC_001_AccountRegistrationTest - Providing customer data
20:33:10.755 [main] INFO  testCases.TC_001_AccountRegistrationTest - Clicked on continue 
20:33:10.756 [main] INFO  testCases.TC_001_AccountRegistrationTest - Validating expected message 
20:33:10.793 [main] INFO  testCases.TC_001_AccountRegistrationTest - *** Finished TC_001_AccountRegistrationTest ***
20:33:18.113 [main] INFO  testCases.TC_002_LoginTest - *** Starting TC_002_LoginTest ***
20:33:20.103 [main] INFO  testCases.TC_002_LoginTest - *** Finished TC_002_LoginTest ***
20:35:06.837 [main] INFO  testCases.TC_001_AccountRegistrationTest - *** Starting TC_001_AccountRegistrationTest ***
20:35:07.177 [main] INFO  testCases.TC_001_AccountRegistrationTest - Clicked on MyAccount link
20:35:07.984 [main] INFO  testCases.TC_001_AccountRegistrationTest - Clicked on Register link
20:35:07.987 [main] INFO  testCases.TC_001_AccountRegistrationTest - Providing customer data
20:35:09.415 [main] INFO  testCases.TC_001_AccountRegistrationTest - Clicked on continue 
20:35:09.415 [main] INFO  testCases.TC_001_AccountRegistrationTest - Validating expected message 
20:35:09.457 [main] INFO  testCases.TC_001_AccountRegistrationTest - *** Finished TC_001_AccountRegistrationTest ***
